<?xml version="1.0" encoding="UTF-8"?>
<!-- Generated by org.testng.reporters.JUnitReportReporter -->
<testsuite hostname="Nafisa-AcerS3" failures="0" tests="1" name="com.learnautomation.testcases.TestCaseWithoutFramework" time="7.739" errors="0" timestamp="2023-10-25T11:36:02 EDT" skipped="0">
  <testcase classname="com.learnautomation.testcases.TestCaseWithoutFramework" name="test1" time="7.739"/>
  <system-out/>
</testsuite> <!-- com.learnautomation.testcases.TestCaseWithoutFramework -->
